TN:
SF:C:\Users\SarvesvararaoSamayam\Downloads\angular-sonar-coverage-master\angular-sonar-coverage-master\src\polyfills.ts
FNF:0
FNH:0
LF:0
LH:0
BRF:0
BRH:0
end_of_record
TN:
SF:C:\Users\SarvesvararaoSamayam\Downloads\angular-sonar-coverage-master\angular-sonar-coverage-master\src\test.ts
FNF:0
FNH:0
DA:6,1
DA:8,1
DA:10,1
LF:3
LH:3
BRF:0
BRH:0
end_of_record
TN:
SF:C:\Users\SarvesvararaoSamayam\Downloads\angular-sonar-coverage-master\angular-sonar-coverage-master\src\app\app.component.ts
FN:1,(anonymous_0)
FN:8,(anonymous_1)
FN:9,AppComponent
FNF:3
FNH:3
FNDA:1,(anonymous_0)
FNDA:1,(anonymous_1)
FNDA:3,AppComponent
DA:1,1
DA:2,1
DA:3,1
DA:4,1
DA:5,1
DA:8,1
DA:10,3
DA:12,1
DA:19,1
LF:9
LH:9
BRDA:1,0,0,1
BRDA:1,0,1,0
BRDA:1,0,2,1
BRDA:2,1,0,1
BRDA:2,1,1,0
BRDA:2,2,0,0
BRDA:2,2,1,0
BRDA:3,3,0,0
BRDA:3,3,1,1
BRDA:3,4,0,1
BRDA:3,4,1,1
BRDA:4,5,0,1
BRDA:4,5,1,0
BRDA:4,6,0,1
BRDA:4,6,1,0
BRDA:4,7,0,1
BRDA:4,7,1,0
BRDA:4,8,0,0
BRDA:4,8,1,0
BRDA:5,9,0,1
BRDA:5,9,1,0
BRDA:5,9,2,0
BRF:22
BRH:10
end_of_record
